Gramática

    0 $accept: programa $end

    1 programa: declaracoes

    2 declaracoes: declaracoes declaracao
    3            | declaracao

    4 declaracao: decVar
    5           | decSub

    6 decVar: T_VAR listaSpecVars ":" tipo ";"

    7 tipo: T_BOOL
    8     | T_INT
    9     | T_STRING
   10     | T_STRING "[" T_NUM "]"

   11 listaSpecVars: listaSpecVars "," specVar
   12              | specVar

   13 specVar: T_ID
   14        | T_ID "=" expressao
   15        | T_ID "[" expressao "]"
   16        | T_ID "[" expressao "]" "=" "{" cnjExpr "}"

   17 cnjExpr: cnjExpr "," expressao
   18        | expressao

   19 valor: T_TRUE
   20      | T_FALSE
   21      | T_LIT_STRING
   22      | T_NUM

   23 decSub: decProc
   24       | decFun

   25 decProc: T_DEF T_ID "(" listaParametros ")" bloco
   26        | T_DEF T_ID "(" ")" bloco

   27 decFun: T_DEF T_ID "(" listaParametros ")" ":" tipo bloco
   28       | T_DEF T_ID "(" ")" ":" tipo bloco

   29 listaParametros: listaParametros ";" specParams
   30                | specParams

   31 specParams: specParamsN ":" tipo

   32 specParamsN: specParamsN "," param
   33            | param

   34 param: T_ID
   35      | T_ID "[" "]"

   36 comando: cmdSimples
   37        | bloco

   38 cmdSimples: cmdAtrib
   39           | cmdIf
   40           | cmdWhile
   41           | cmdFor
   42           | cmdStop
   43           | cmdSkip
   44           | cmdReturn
   45           | cmdChamadaProc
   46           | cmdRead
   47           | cmdWrite

   48 cmdAtrib: variavel tiposAtrib expressao ";"

   49 tiposAtrib: atribAgreg
   50           | "="

   51 atribAgreg: "/="
   52           | "%="
   53           | "*="
   54           | "+="
   55           | "-="

   56 cmdIf: T_IF "(" expressao ")" comando
   57      | T_IF "(" expressao ")" comando T_ELSE comando

   58 cmdWhile: T_WHILE "(" expressao ")" comando

   59 cmdFor: T_FOR "(" cmdAtribFor ";" expressao ";" cmdAtribFor ")" comando
   60       | T_FOR "(" error ")" comando

   61 cmdAtribFor: variavel tiposAtrib expressao

   62 cmdStop: T_STOP ";"

   63 cmdSkip: T_SKIP ";"

   64 cmdReturn: T_RETURN ";"
   65          | T_RETURN expressao ";"

   66 cmdChamadaProc: T_ID "(" ")" ";"
   67               | T_ID "(" cnjExpr ")" ";"

   68 cmdRead: T_READ variavel ";"

   69 cmdWrite: T_WRITE cnjExpr ";"

   70 bloco: blocoBegin declaracoes blocoEnd
   71      | blocoBegin comandos blocoEnd
   72      | blocoBegin declaracoes comandos blocoEnd

   73 blocoBegin: "{"

   74 blocoEnd: "}"

   75 comandos: comandos comando
   76         | comando

   77 expressao: variavel
   78          | valor
   79          | "(" expressao ")"
   80          | "-" expressao
   81          | "!" expressao
   82          | expressao "*" expressao
   83          | expressao "/" expressao
   84          | expressao "%" expressao
   85          | expressao "+" expressao
   86          | expressao "-" expressao
   87          | expressao "<" expressao
   88          | expressao "<=" expressao
   89          | expressao ">" expressao
   90          | expressao ">=" expressao
   91          | expressao "==" expressao
   92          | expressao "!=" expressao
   93          | expressao "&&" expressao
   94          | expressao "||" expressao
   95          | expressao "?" expressao ":" expressao
   96          | T_ID "(" ")"
   97          | T_ID "(" cnjExpr ")"

   98 variavel: T_ID
   99         | T_ID "[" expressao "]"


Terminais, com as regras onde eles aparecem

$end (0) 0
error (256) 60
T_BOOL (258) 7
T_INT (259) 8
T_STRING (260) 9 10
T_IF (261) 56 57
T_ELSE (262) 57
T_FOR (263) 59 60
T_WHILE (264) 58
T_WRITE (265) 69
T_READ (266) 68
T_DEF (267) 25 26 27 28
T_RETURN (268) 64 65
T_VAR (269) 6
T_SKIP (270) 63
T_STOP (271) 62
T_TRUE (272) 19
T_FALSE (273) 20
"(" (274) 25 26 27 28 56 57 58 59 60 66 67 79 96 97
")" (275) 25 26 27 28 56 57 58 59 60 66 67 79 96 97
"[" (276) 10 15 16 35 99
"]" (277) 10 15 16 35 99
"{" (278) 16 73
"}" (279) 16 74
"," (280) 11 17 32
";" (281) 6 29 48 59 62 63 64 65 66 67 68 69
"+" (282) 85
"-" (283) 80 86
"*" (284) 82
"/" (285) 83
"%" (286) 84
"==" (287) 91
"!=" (288) 92
">" (289) 89
">=" (290) 90
"<" (291) 87
"<=" (292) 88
"||" (293) 94
"&&" (294) 93
"!" (295) 81
"=" (296) 14 16 50
"+=" (297) 54
"-=" (298) 55
"*=" (299) 53
"/=" (300) 51
"%=" (301) 52
"?" (302) 95
":" (303) 6 27 28 31 95
T_ID (304) 13 14 15 16 25 26 27 28 34 35 66 67 96 97 98 99
T_NUM (305) 10 22
T_LIT_STRING (306) 21
T_NEG_UNAR (307)
T_THEN (308)


Não terminais com as regras onde eles aparecem

$accept (54)
    à esquerda: 0
programa (55)
    à esquerda: 1, à direita: 0
declaracoes (56)
    à esquerda: 2 3, à direita: 1 2 70 72
declaracao (57)
    à esquerda: 4 5, à direita: 2 3
decVar (58)
    à esquerda: 6, à direita: 4
tipo (59)
    à esquerda: 7 8 9 10, à direita: 6 27 28 31
listaSpecVars (60)
    à esquerda: 11 12, à direita: 6 11
specVar (61)
    à esquerda: 13 14 15 16, à direita: 11 12
cnjExpr (62)
    à esquerda: 17 18, à direita: 16 17 67 69 97
valor (63)
    à esquerda: 19 20 21 22, à direita: 78
decSub (64)
    à esquerda: 23 24, à direita: 5
decProc (65)
    à esquerda: 25 26, à direita: 23
decFun (66)
    à esquerda: 27 28, à direita: 24
listaParametros (67)
    à esquerda: 29 30, à direita: 25 27 29
specParams (68)
    à esquerda: 31, à direita: 29 30
specParamsN (69)
    à esquerda: 32 33, à direita: 31 32
param (70)
    à esquerda: 34 35, à direita: 32 33
comando (71)
    à esquerda: 36 37, à direita: 56 57 58 59 60 75 76
cmdSimples (72)
    à esquerda: 38 39 40 41 42 43 44 45 46 47, à direita: 36
cmdAtrib (73)
    à esquerda: 48, à direita: 38
tiposAtrib (74)
    à esquerda: 49 50, à direita: 48 61
atribAgreg (75)
    à esquerda: 51 52 53 54 55, à direita: 49
cmdIf (76)
    à esquerda: 56 57, à direita: 39
cmdWhile (77)
    à esquerda: 58, à direita: 40
cmdFor (78)
    à esquerda: 59 60, à direita: 41
cmdAtribFor (79)
    à esquerda: 61, à direita: 59
cmdStop (80)
    à esquerda: 62, à direita: 42
cmdSkip (81)
    à esquerda: 63, à direita: 43
cmdReturn (82)
    à esquerda: 64 65, à direita: 44
cmdChamadaProc (83)
    à esquerda: 66 67, à direita: 45
cmdRead (84)
    à esquerda: 68, à direita: 46
cmdWrite (85)
    à esquerda: 69, à direita: 47
bloco (86)
    à esquerda: 70 71 72, à direita: 25 26 27 28 37
blocoBegin (87)
    à esquerda: 73, à direita: 70 71 72
blocoEnd (88)
    à esquerda: 74, à direita: 70 71 72
comandos (89)
    à esquerda: 75 76, à direita: 71 72 75
expressao (90)
    à esquerda: 77 78 79 80 81 82 83 84 85 86 87 88 89 90 91 92 93
    94 95 96 97, à direita: 14 15 16 17 18 48 56 57 58 59 61 65 79
    80 81 82 83 84 85 86 87 88 89 90 91 92 93 94 95 99
variavel (91)
    à esquerda: 98 99, à direita: 48 61 68 77


Estado 0

    0 $accept: . programa $end

    T_DEF  deslocar, e ir ao estado 1
    T_VAR  deslocar, e ir ao estado 2

    programa     ir ao estado 3
    declaracoes  ir ao estado 4
    declaracao   ir ao estado 5
    decVar       ir ao estado 6
    decSub       ir ao estado 7
    decProc      ir ao estado 8
    decFun       ir ao estado 9


Estado 1

   25 decProc: T_DEF . T_ID "(" listaParametros ")" bloco
   26        | T_DEF . T_ID "(" ")" bloco
   27 decFun: T_DEF . T_ID "(" listaParametros ")" ":" tipo bloco
   28       | T_DEF . T_ID "(" ")" ":" tipo bloco

    T_ID  deslocar, e ir ao estado 10


Estado 2

    6 decVar: T_VAR . listaSpecVars ":" tipo ";"

    T_ID  deslocar, e ir ao estado 11

    listaSpecVars  ir ao estado 12
    specVar        ir ao estado 13


Estado 3

    0 $accept: programa . $end

    $end  deslocar, e ir ao estado 14


Estado 4

    1 programa: declaracoes .
    2 declaracoes: declaracoes . declaracao

    T_DEF  deslocar, e ir ao estado 1
    T_VAR  deslocar, e ir ao estado 2

    $padrão  reduzir usando a regra 1 (programa)

    declaracao  ir ao estado 15
    decVar      ir ao estado 6
    decSub      ir ao estado 7
    decProc     ir ao estado 8
    decFun      ir ao estado 9


Estado 5

    3 declaracoes: declaracao .

    $padrão  reduzir usando a regra 3 (declaracoes)


Estado 6

    4 declaracao: decVar .

    $padrão  reduzir usando a regra 4 (declaracao)


Estado 7

    5 declaracao: decSub .

    $padrão  reduzir usando a regra 5 (declaracao)


Estado 8

   23 decSub: decProc .

    $padrão  reduzir usando a regra 23 (decSub)


Estado 9

   24 decSub: decFun .

    $padrão  reduzir usando a regra 24 (decSub)


Estado 10

   25 decProc: T_DEF T_ID . "(" listaParametros ")" bloco
   26        | T_DEF T_ID . "(" ")" bloco
   27 decFun: T_DEF T_ID . "(" listaParametros ")" ":" tipo bloco
   28       | T_DEF T_ID . "(" ")" ":" tipo bloco

    "("  deslocar, e ir ao estado 16


Estado 11

   13 specVar: T_ID .
   14        | T_ID . "=" expressao
   15        | T_ID . "[" expressao "]"
   16        | T_ID . "[" expressao "]" "=" "{" cnjExpr "}"

    "["  deslocar, e ir ao estado 17
    "="  deslocar, e ir ao estado 18

    $padrão  reduzir usando a regra 13 (specVar)


Estado 12

    6 decVar: T_VAR listaSpecVars . ":" tipo ";"
   11 listaSpecVars: listaSpecVars . "," specVar

    ","  deslocar, e ir ao estado 19
    ":"  deslocar, e ir ao estado 20


Estado 13

   12 listaSpecVars: specVar .

    $padrão  reduzir usando a regra 12 (listaSpecVars)


Estado 14

    0 $accept: programa $end .

    $padrão  aceitar


Estado 15

    2 declaracoes: declaracoes declaracao .

    $padrão  reduzir usando a regra 2 (declaracoes)


Estado 16

   25 decProc: T_DEF T_ID "(" . listaParametros ")" bloco
   26        | T_DEF T_ID "(" . ")" bloco
   27 decFun: T_DEF T_ID "(" . listaParametros ")" ":" tipo bloco
   28       | T_DEF T_ID "(" . ")" ":" tipo bloco

    ")"   deslocar, e ir ao estado 21
    T_ID  deslocar, e ir ao estado 22

    listaParametros  ir ao estado 23
    specParams       ir ao estado 24
    specParamsN      ir ao estado 25
    param            ir ao estado 26


Estado 17

   15 specVar: T_ID "[" . expressao "]"
   16        | T_ID "[" . expressao "]" "=" "{" cnjExpr "}"

    T_TRUE        deslocar, e ir ao estado 27
    T_FALSE       deslocar, e ir ao estado 28
    "("           deslocar, e ir ao estado 29
    "-"           deslocar, e ir ao estado 30
    "!"           deslocar, e ir ao estado 31
    T_ID          deslocar, e ir ao estado 32
    T_NUM         deslocar, e ir ao estado 33
    T_LIT_STRING  deslocar, e ir ao estado 34

    valor      ir ao estado 35
    expressao  ir ao estado 36
    variavel   ir ao estado 37


Estado 18

   14 specVar: T_ID "=" . expressao

    T_TRUE        deslocar, e ir ao estado 27
    T_FALSE       deslocar, e ir ao estado 28
    "("           deslocar, e ir ao estado 29
    "-"           deslocar, e ir ao estado 30
    "!"           deslocar, e ir ao estado 31
    T_ID          deslocar, e ir ao estado 32
    T_NUM         deslocar, e ir ao estado 33
    T_LIT_STRING  deslocar, e ir ao estado 34

    valor      ir ao estado 35
    expressao  ir ao estado 38
    variavel   ir ao estado 37


Estado 19

   11 listaSpecVars: listaSpecVars "," . specVar

    T_ID  deslocar, e ir ao estado 11

    specVar  ir ao estado 39


Estado 20

    6 decVar: T_VAR listaSpecVars ":" . tipo ";"

    T_BOOL    deslocar, e ir ao estado 40
    T_INT     deslocar, e ir ao estado 41
    T_STRING  deslocar, e ir ao estado 42

    tipo  ir ao estado 43


Estado 21

   26 decProc: T_DEF T_ID "(" ")" . bloco
   28 decFun: T_DEF T_ID "(" ")" . ":" tipo bloco

    "{"  deslocar, e ir ao estado 44
    ":"  deslocar, e ir ao estado 45

    bloco       ir ao estado 46
    blocoBegin  ir ao estado 47


Estado 22

   34 param: T_ID .
   35      | T_ID . "[" "]"

    "["  deslocar, e ir ao estado 48

    $padrão  reduzir usando a regra 34 (param)


Estado 23

   25 decProc: T_DEF T_ID "(" listaParametros . ")" bloco
   27 decFun: T_DEF T_ID "(" listaParametros . ")" ":" tipo bloco
   29 listaParametros: listaParametros . ";" specParams

    ")"  deslocar, e ir ao estado 49
    ";"  deslocar, e ir ao estado 50


Estado 24

   30 listaParametros: specParams .

    $padrão  reduzir usando a regra 30 (listaParametros)


Estado 25

   31 specParams: specParamsN . ":" tipo
   32 specParamsN: specParamsN . "," param

    ","  deslocar, e ir ao estado 51
    ":"  deslocar, e ir ao estado 52


Estado 26

   33 specParamsN: param .

    $padrão  reduzir usando a regra 33 (specParamsN)


Estado 27

   19 valor: T_TRUE .

    $padrão  reduzir usando a regra 19 (valor)


Estado 28

   20 valor: T_FALSE .

    $padrão  reduzir usando a regra 20 (valor)


Estado 29

   79 expressao: "(" . expressao ")"

    T_TRUE        deslocar, e ir ao estado 27
    T_FALSE       deslocar, e ir ao estado 28
    "("           deslocar, e ir ao estado 29
    "-"           deslocar, e ir ao estado 30
    "!"           deslocar, e ir ao estado 31
    T_ID          deslocar, e ir ao estado 32
    T_NUM         deslocar, e ir ao estado 33
    T_LIT_STRING  deslocar, e ir ao estado 34

    valor      ir ao estado 35
    expressao  ir ao estado 53
    variavel   ir ao estado 37


Estado 30

   80 expressao: "-" . expressao

    T_TRUE        deslocar, e ir ao estado 27
    T_FALSE       deslocar, e ir ao estado 28
    "("           deslocar, e ir ao estado 29
    "-"           deslocar, e ir ao estado 30
    "!"           deslocar, e ir ao estado 31
    T_ID          deslocar, e ir ao estado 32
    T_NUM         deslocar, e ir ao estado 33
    T_LIT_STRING  deslocar, e ir ao estado 34

    valor      ir ao estado 35
    expressao  ir ao estado 54
    variavel   ir ao estado 37


Estado 31

   81 expressao: "!" . expressao

    T_TRUE        deslocar, e ir ao estado 27
    T_FALSE       deslocar, e ir ao estado 28
    "("           deslocar, e ir ao estado 29
    "-"           deslocar, e ir ao estado 30
    "!"           deslocar, e ir ao estado 31
    T_ID          deslocar, e ir ao estado 32
    T_NUM         deslocar, e ir ao estado 33
    T_LIT_STRING  deslocar, e ir ao estado 34

    valor      ir ao estado 35
    expressao  ir ao estado 55
    variavel   ir ao estado 37


Estado 32

   96 expressao: T_ID . "(" ")"
   97          | T_ID . "(" cnjExpr ")"
   98 variavel: T_ID .
   99         | T_ID . "[" expressao "]"

    "("  deslocar, e ir ao estado 56
    "["  deslocar, e ir ao estado 57

    $padrão  reduzir usando a regra 98 (variavel)


Estado 33

   22 valor: T_NUM .

    $padrão  reduzir usando a regra 22 (valor)


Estado 34

   21 valor: T_LIT_STRING .

    $padrão  reduzir usando a regra 21 (valor)


Estado 35

   78 expressao: valor .

    $padrão  reduzir usando a regra 78 (expressao)


Estado 36

   15 specVar: T_ID "[" expressao . "]"
   16        | T_ID "[" expressao . "]" "=" "{" cnjExpr "}"
   82 expressao: expressao . "*" expressao
   83          | expressao . "/" expressao
   84          | expressao . "%" expressao
   85          | expressao . "+" expressao
   86          | expressao . "-" expressao
   87          | expressao . "<" expressao
   88          | expressao . "<=" expressao
   89          | expressao . ">" expressao
   90          | expressao . ">=" expressao
   91          | expressao . "==" expressao
   92          | expressao . "!=" expressao
   93          | expressao . "&&" expressao
   94          | expressao . "||" expressao
   95          | expressao . "?" expressao ":" expressao

    "]"   deslocar, e ir ao estado 58
    "+"   deslocar, e ir ao estado 59
    "-"   deslocar, e ir ao estado 60
    "*"   deslocar, e ir ao estado 61
    "/"   deslocar, e ir ao estado 62
    "%"   deslocar, e ir ao estado 63
    "=="  deslocar, e ir ao estado 64
    "!="  deslocar, e ir ao estado 65
    ">"   deslocar, e ir ao estado 66
    ">="  deslocar, e ir ao estado 67
    "<"   deslocar, e ir ao estado 68
    "<="  deslocar, e ir ao estado 69
    "||"  deslocar, e ir ao estado 70
    "&&"  deslocar, e ir ao estado 71
    "?"   deslocar, e ir ao estado 72


Estado 37

   77 expressao: variavel .

    $padrão  reduzir usando a regra 77 (expressao)


Estado 38

   14 specVar: T_ID "=" expressao .
   82 expressao: expressao . "*" expressao
   83          | expressao . "/" expressao
   84          | expressao . "%" expressao
   85          | expressao . "+" expressao
   86          | expressao . "-" expressao
   87          | expressao . "<" expressao
   88          | expressao . "<=" expressao
   89          | expressao . ">" expressao
   90          | expressao . ">=" expressao
   91          | expressao . "==" expressao
   92          | expressao . "!=" expressao
   93          | expressao . "&&" expressao
   94          | expressao . "||" expressao
   95          | expressao . "?" expressao ":" expressao

    "+"   deslocar, e ir ao estado 59
    "-"   deslocar, e ir ao estado 60
    "*"   deslocar, e ir ao estado 61
    "/"   deslocar, e ir ao estado 62
    "%"   deslocar, e ir ao estado 63
    "=="  deslocar, e ir ao estado 64
    "!="  deslocar, e ir ao estado 65
    ">"   deslocar, e ir ao estado 66
    ">="  deslocar, e ir ao estado 67
    "<"   deslocar, e ir ao estado 68
    "<="  deslocar, e ir ao estado 69
    "||"  deslocar, e ir ao estado 70
    "&&"  deslocar, e ir ao estado 71
    "?"   deslocar, e ir ao estado 72

    $padrão  reduzir usando a regra 14 (specVar)


Estado 39

   11 listaSpecVars: listaSpecVars "," specVar .

    $padrão  reduzir usando a regra 11 (listaSpecVars)


Estado 40

    7 tipo: T_BOOL .

    $padrão  reduzir usando a regra 7 (tipo)


Estado 41

    8 tipo: T_INT .

    $padrão  reduzir usando a regra 8 (tipo)


Estado 42

    9 tipo: T_STRING .
   10     | T_STRING . "[" T_NUM "]"

    "["  deslocar, e ir ao estado 73

    $padrão  reduzir usando a regra 9 (tipo)


Estado 43

    6 decVar: T_VAR listaSpecVars ":" tipo . ";"

    ";"  deslocar, e ir ao estado 74


Estado 44

   73 blocoBegin: "{" .

    $padrão  reduzir usando a regra 73 (blocoBegin)


Estado 45

   28 decFun: T_DEF T_ID "(" ")" ":" . tipo bloco

    T_BOOL    deslocar, e ir ao estado 40
    T_INT     deslocar, e ir ao estado 41
    T_STRING  deslocar, e ir ao estado 42

    tipo  ir ao estado 75


Estado 46

   26 decProc: T_DEF T_ID "(" ")" bloco .

    $padrão  reduzir usando a regra 26 (decProc)


Estado 47

   70 bloco: blocoBegin . declaracoes blocoEnd
   71      | blocoBegin . comandos blocoEnd
   72      | blocoBegin . declaracoes comandos blocoEnd

    T_IF      deslocar, e ir ao estado 76
    T_FOR     deslocar, e ir ao estado 77
    T_WHILE   deslocar, e ir ao estado 78
    T_WRITE   deslocar, e ir ao estado 79
    T_READ    deslocar, e ir ao estado 80
    T_DEF     deslocar, e ir ao estado 1
    T_RETURN  deslocar, e ir ao estado 81
    T_VAR     deslocar, e ir ao estado 2
    T_SKIP    deslocar, e ir ao estado 82
    T_STOP    deslocar, e ir ao estado 83
    "{"       deslocar, e ir ao estado 44
    T_ID      deslocar, e ir ao estado 84

    declaracoes     ir ao estado 85
    declaracao      ir ao estado 5
    decVar          ir ao estado 6
    decSub          ir ao estado 7
    decProc         ir ao estado 8
    decFun          ir ao estado 9
    comando         ir ao estado 86
    cmdSimples      ir ao estado 87
    cmdAtrib        ir ao estado 88
    cmdIf           ir ao estado 89
    cmdWhile        ir ao estado 90
    cmdFor          ir ao estado 91
    cmdStop         ir ao estado 92
    cmdSkip         ir ao estado 93
    cmdReturn       ir ao estado 94
    cmdChamadaProc  ir ao estado 95
    cmdRead         ir ao estado 96
    cmdWrite        ir ao estado 97
    bloco           ir ao estado 98
    blocoBegin      ir ao estado 47
    comandos        ir ao estado 99
    variavel        ir ao estado 100


Estado 48

   35 param: T_ID "[" . "]"

    "]"  deslocar, e ir ao estado 101


Estado 49

   25 decProc: T_DEF T_ID "(" listaParametros ")" . bloco
   27 decFun: T_DEF T_ID "(" listaParametros ")" . ":" tipo bloco

    "{"  deslocar, e ir ao estado 44
    ":"  deslocar, e ir ao estado 102

    bloco       ir ao estado 103
    blocoBegin  ir ao estado 47


Estado 50

   29 listaParametros: listaParametros ";" . specParams

    T_ID  deslocar, e ir ao estado 22

    specParams   ir ao estado 104
    specParamsN  ir ao estado 25
    param        ir ao estado 26


Estado 51

   32 specParamsN: specParamsN "," . param

    T_ID  deslocar, e ir ao estado 22

    param  ir ao estado 105


Estado 52

   31 specParams: specParamsN ":" . tipo

    T_BOOL    deslocar, e ir ao estado 40
    T_INT     deslocar, e ir ao estado 41
    T_STRING  deslocar, e ir ao estado 42

    tipo  ir ao estado 106


Estado 53

   79 expressao: "(" expressao . ")"
   82          | expressao . "*" expressao
   83          | expressao . "/" expressao
   84          | expressao . "%" expressao
   85          | expressao . "+" expressao
   86          | expressao . "-" expressao
   87          | expressao . "<" expressao
   88          | expressao . "<=" expressao
   89          | expressao . ">" expressao
   90          | expressao . ">=" expressao
   91          | expressao . "==" expressao
   92          | expressao . "!=" expressao
   93          | expressao . "&&" expressao
   94          | expressao . "||" expressao
   95          | expressao . "?" expressao ":" expressao

    ")"   deslocar, e ir ao estado 107
    "+"   deslocar, e ir ao estado 59
    "-"   deslocar, e ir ao estado 60
    "*"   deslocar, e ir ao estado 61
    "/"   deslocar, e ir ao estado 62
    "%"   deslocar, e ir ao estado 63
    "=="  deslocar, e ir ao estado 64
    "!="  deslocar, e ir ao estado 65
    ">"   deslocar, e ir ao estado 66
    ">="  deslocar, e ir ao estado 67
    "<"   deslocar, e ir ao estado 68
    "<="  deslocar, e ir ao estado 69
    "||"  deslocar, e ir ao estado 70
    "&&"  deslocar, e ir ao estado 71
    "?"   deslocar, e ir ao estado 72


Estado 54

   80 expressao: "-" expressao .
   82          | expressao . "*" expressao
   83          | expressao . "/" expressao
   84          | expressao . "%" expressao
   85          | expressao . "+" expressao
   86          | expressao . "-" expressao
   87          | expressao . "<" expressao
   88          | expressao . "<=" expressao
   89          | expressao . ">" expressao
   90          | expressao . ">=" expressao
   91          | expressao . "==" expressao
   92          | expressao . "!=" expressao
   93          | expressao . "&&" expressao
   94          | expressao . "||" expressao
   95          | expressao . "?" expressao ":" expressao

    $padrão  reduzir usando a regra 80 (expressao)


Estado 55

   81 expressao: "!" expressao .
   82          | expressao . "*" expressao
   83          | expressao . "/" expressao
   84          | expressao . "%" expressao
   85          | expressao . "+" expressao
   86          | expressao . "-" expressao
   87          | expressao . "<" expressao
   88          | expressao . "<=" expressao
   89          | expressao . ">" expressao
   90          | expressao . ">=" expressao
   91          | expressao . "==" expressao
   92          | expressao . "!=" expressao
   93          | expressao . "&&" expressao
   94          | expressao . "||" expressao
   95          | expressao . "?" expressao ":" expressao

    $padrão  reduzir usando a regra 81 (expressao)


Estado 56

   96 expressao: T_ID "(" . ")"
   97          | T_ID "(" . cnjExpr ")"

    T_TRUE        deslocar, e ir ao estado 27
    T_FALSE       deslocar, e ir ao estado 28
    "("           deslocar, e ir ao estado 29
    ")"           deslocar, e ir ao estado 108
    "-"           deslocar, e ir ao estado 30
    "!"           deslocar, e ir ao estado 31
    T_ID          deslocar, e ir ao estado 32
    T_NUM         deslocar, e ir ao estado 33
    T_LIT_STRING  deslocar, e ir ao estado 34

    cnjExpr    ir ao estado 109
    valor      ir ao estado 35
    expressao  ir ao estado 110
    variavel   ir ao estado 37


Estado 57

   99 variavel: T_ID "[" . expressao "]"

    T_TRUE        deslocar, e ir ao estado 27
    T_FALSE       deslocar, e ir ao estado 28
    "("           deslocar, e ir ao estado 29
    "-"           deslocar, e ir ao estado 30
    "!"           deslocar, e ir ao estado 31
    T_ID          deslocar, e ir ao estado 32
    T_NUM         deslocar, e ir ao estado 33
    T_LIT_STRING  deslocar, e ir ao estado 34

    valor      ir ao estado 35
    expressao  ir ao estado 111
    variavel   ir ao estado 37


Estado 58

   15 specVar: T_ID "[" expressao "]" .
   16        | T_ID "[" expressao "]" . "=" "{" cnjExpr "}"

    "="  deslocar, e ir ao estado 112

    $padrão  reduzir usando a regra 15 (specVar)


Estado 59

   85 expressao: expressao "+" . expressao

    T_TRUE        deslocar, e ir ao estado 27
    T_FALSE       deslocar, e ir ao estado 28
    "("           deslocar, e ir ao estado 29
    "-"           deslocar, e ir ao estado 30
    "!"           deslocar, e ir ao estado 31
    T_ID          deslocar, e ir ao estado 32
    T_NUM         deslocar, e ir ao estado 33
    T_LIT_STRING  deslocar, e ir ao estado 34

    valor      ir ao estado 35
    expressao  ir ao estado 113
    variavel   ir ao estado 37


Estado 60

   86 expressao: expressao "-" . expressao

    T_TRUE        deslocar, e ir ao estado 27
    T_FALSE       deslocar, e ir ao estado 28
    "("           deslocar, e ir ao estado 29
    "-"           deslocar, e ir ao estado 30
    "!"           deslocar, e ir ao estado 31
    T_ID          deslocar, e ir ao estado 32
    T_NUM         deslocar, e ir ao estado 33
    T_LIT_STRING  deslocar, e ir ao estado 34

    valor      ir ao estado 35
    expressao  ir ao estado 114
    variavel   ir ao estado 37


Estado 61

   82 expressao: expressao "*" . expressao

    T_TRUE        deslocar, e ir ao estado 27
    T_FALSE       deslocar, e ir ao estado 28
    "("           deslocar, e ir ao estado 29
    "-"           deslocar, e ir ao estado 30
    "!"           deslocar, e ir ao estado 31
    T_ID          deslocar, e ir ao estado 32
    T_NUM         deslocar, e ir ao estado 33
    T_LIT_STRING  deslocar, e ir ao estado 34

    valor      ir ao estado 35
    expressao  ir ao estado 115
    variavel   ir ao estado 37


Estado 62

   83 expressao: expressao "/" . expressao

    T_TRUE        deslocar, e ir ao estado 27
    T_FALSE       deslocar, e ir ao estado 28
    "("           deslocar, e ir ao estado 29
    "-"           deslocar, e ir ao estado 30
    "!"           deslocar, e ir ao estado 31
    T_ID          deslocar, e ir ao estado 32
    T_NUM         deslocar, e ir ao estado 33
    T_LIT_STRING  deslocar, e ir ao estado 34

    valor      ir ao estado 35
    expressao  ir ao estado 116
    variavel   ir ao estado 37


Estado 63

   84 expressao: expressao "%" . expressao

    T_TRUE        deslocar, e ir ao estado 27
    T_FALSE       deslocar, e ir ao estado 28
    "("           deslocar, e ir ao estado 29
    "-"           deslocar, e ir ao estado 30
    "!"           deslocar, e ir ao estado 31
    T_ID          deslocar, e ir ao estado 32
    T_NUM         deslocar, e ir ao estado 33
    T_LIT_STRING  deslocar, e ir ao estado 34

    valor      ir ao estado 35
    expressao  ir ao estado 117
    variavel   ir ao estado 37


Estado 64

   91 expressao: expressao "==" . expressao

    T_TRUE        deslocar, e ir ao estado 27
    T_FALSE       deslocar, e ir ao estado 28
    "("           deslocar, e ir ao estado 29
    "-"           deslocar, e ir ao estado 30
    "!"           deslocar, e ir ao estado 31
    T_ID          deslocar, e ir ao estado 32
    T_NUM         deslocar, e ir ao estado 33
    T_LIT_STRING  deslocar, e ir ao estado 34

    valor      ir ao estado 35
    expressao  ir ao estado 118
    variavel   ir ao estado 37


Estado 65

   92 expressao: expressao "!=" . expressao

    T_TRUE        deslocar, e ir ao estado 27
    T_FALSE       deslocar, e ir ao estado 28
    "("           deslocar, e ir ao estado 29
    "-"           deslocar, e ir ao estado 30
    "!"           deslocar, e ir ao estado 31
    T_ID          deslocar, e ir ao estado 32
    T_NUM         deslocar, e ir ao estado 33
    T_LIT_STRING  deslocar, e ir ao estado 34

    valor      ir ao estado 35
    expressao  ir ao estado 119
    variavel   ir ao estado 37


Estado 66

   89 expressao: expressao ">" . expressao

    T_TRUE        deslocar, e ir ao estado 27
    T_FALSE       deslocar, e ir ao estado 28
    "("           deslocar, e ir ao estado 29
    "-"           deslocar, e ir ao estado 30
    "!"           deslocar, e ir ao estado 31
    T_ID          deslocar, e ir ao estado 32
    T_NUM         deslocar, e ir ao estado 33
    T_LIT_STRING  deslocar, e ir ao estado 34

    valor      ir ao estado 35
    expressao  ir ao estado 120
    variavel   ir ao estado 37


Estado 67

   90 expressao: expressao ">=" . expressao

    T_TRUE        deslocar, e ir ao estado 27
    T_FALSE       deslocar, e ir ao estado 28
    "("           deslocar, e ir ao estado 29
    "-"           deslocar, e ir ao estado 30
    "!"           deslocar, e ir ao estado 31
    T_ID          deslocar, e ir ao estado 32
    T_NUM         deslocar, e ir ao estado 33
    T_LIT_STRING  deslocar, e ir ao estado 34

    valor      ir ao estado 35
    expressao  ir ao estado 121
    variavel   ir ao estado 37


Estado 68

   87 expressao: expressao "<" . expressao

    T_TRUE        deslocar, e ir ao estado 27
    T_FALSE       deslocar, e ir ao estado 28
    "("           deslocar, e ir ao estado 29
    "-"           deslocar, e ir ao estado 30
    "!"           deslocar, e ir ao estado 31
    T_ID          deslocar, e ir ao estado 32
    T_NUM         deslocar, e ir ao estado 33
    T_LIT_STRING  deslocar, e ir ao estado 34

    valor      ir ao estado 35
    expressao  ir ao estado 122
    variavel   ir ao estado 37


Estado 69

   88 expressao: expressao "<=" . expressao

    T_TRUE        deslocar, e ir ao estado 27
    T_FALSE       deslocar, e ir ao estado 28
    "("           deslocar, e ir ao estado 29
    "-"           deslocar, e ir ao estado 30
    "!"           deslocar, e ir ao estado 31
    T_ID          deslocar, e ir ao estado 32
    T_NUM         deslocar, e ir ao estado 33
    T_LIT_STRING  deslocar, e ir ao estado 34

    valor      ir ao estado 35
    expressao  ir ao estado 123
    variavel   ir ao estado 37


Estado 70

   94 expressao: expressao "||" . expressao

    T_TRUE        deslocar, e ir ao estado 27
    T_FALSE       deslocar, e ir ao estado 28
    "("           deslocar, e ir ao estado 29
    "-"           deslocar, e ir ao estado 30
    "!"           deslocar, e ir ao estado 31
    T_ID          deslocar, e ir ao estado 32
    T_NUM         deslocar, e ir ao estado 33
    T_LIT_STRING  deslocar, e ir ao estado 34

    valor      ir ao estado 35
    expressao  ir ao estado 124
    variavel   ir ao estado 37


Estado 71

   93 expressao: expressao "&&" . expressao

    T_TRUE        deslocar, e ir ao estado 27
    T_FALSE       deslocar, e ir ao estado 28
    "("           deslocar, e ir ao estado 29
    "-"           deslocar, e ir ao estado 30
    "!"           deslocar, e ir ao estado 31
    T_ID          deslocar, e ir ao estado 32
    T_NUM         deslocar, e ir ao estado 33
    T_LIT_STRING  deslocar, e ir ao estado 34

    valor      ir ao estado 35
    expressao  ir ao estado 125
    variavel   ir ao estado 37


Estado 72

   95 expressao: expressao "?" . expressao ":" expressao

    T_TRUE        deslocar, e ir ao estado 27
    T_FALSE       deslocar, e ir ao estado 28
    "("           deslocar, e ir ao estado 29
    "-"           deslocar, e ir ao estado 30
    "!"           deslocar, e ir ao estado 31
    T_ID          deslocar, e ir ao estado 32
    T_NUM         deslocar, e ir ao estado 33
    T_LIT_STRING  deslocar, e ir ao estado 34

    valor      ir ao estado 35
    expressao  ir ao estado 126
    variavel   ir ao estado 37


Estado 73

   10 tipo: T_STRING "[" . T_NUM "]"

    T_NUM  deslocar, e ir ao estado 127


Estado 74

    6 decVar: T_VAR listaSpecVars ":" tipo ";" .

    $padrão  reduzir usando a regra 6 (decVar)


Estado 75

   28 decFun: T_DEF T_ID "(" ")" ":" tipo . bloco

    "{"  deslocar, e ir ao estado 44

    bloco       ir ao estado 128
    blocoBegin  ir ao estado 47


Estado 76

   56 cmdIf: T_IF . "(" expressao ")" comando
   57      | T_IF . "(" expressao ")" comando T_ELSE comando

    "("  deslocar, e ir ao estado 129


Estado 77

   59 cmdFor: T_FOR . "(" cmdAtribFor ";" expressao ";" cmdAtribFor ")" comando
   60       | T_FOR . "(" error ")" comando

    "("  deslocar, e ir ao estado 130


Estado 78

   58 cmdWhile: T_WHILE . "(" expressao ")" comando

    "("  deslocar, e ir ao estado 131


Estado 79

   69 cmdWrite: T_WRITE . cnjExpr ";"

    T_TRUE        deslocar, e ir ao estado 27
    T_FALSE       deslocar, e ir ao estado 28
    "("           deslocar, e ir ao estado 29
    "-"           deslocar, e ir ao estado 30
    "!"           deslocar, e ir ao estado 31
    T_ID          deslocar, e ir ao estado 32
    T_NUM         deslocar, e ir ao estado 33
    T_LIT_STRING  deslocar, e ir ao estado 34

    cnjExpr    ir ao estado 132
    valor      ir ao estado 35
    expressao  ir ao estado 110
    variavel   ir ao estado 37


Estado 80

   68 cmdRead: T_READ . variavel ";"

    T_ID  deslocar, e ir ao estado 133

    variavel  ir ao estado 134


Estado 81

   64 cmdReturn: T_RETURN . ";"
   65          | T_RETURN . expressao ";"

    T_TRUE        deslocar, e ir ao estado 27
    T_FALSE       deslocar, e ir ao estado 28
    "("           deslocar, e ir ao estado 29
    ";"           deslocar, e ir ao estado 135
    "-"           deslocar, e ir ao estado 30
    "!"           deslocar, e ir ao estado 31
    T_ID          deslocar, e ir ao estado 32
    T_NUM         deslocar, e ir ao estado 33
    T_LIT_STRING  deslocar, e ir ao estado 34

    valor      ir ao estado 35
    expressao  ir ao estado 136
    variavel   ir ao estado 37


Estado 82

   63 cmdSkip: T_SKIP . ";"

    ";"  deslocar, e ir ao estado 137


Estado 83

   62 cmdStop: T_STOP . ";"

    ";"  deslocar, e ir ao estado 138


Estado 84

   66 cmdChamadaProc: T_ID . "(" ")" ";"
   67               | T_ID . "(" cnjExpr ")" ";"
   98 variavel: T_ID .
   99         | T_ID . "[" expressao "]"

    "("  deslocar, e ir ao estado 139
    "["  deslocar, e ir ao estado 57

    $padrão  reduzir usando a regra 98 (variavel)


Estado 85

    2 declaracoes: declaracoes . declaracao
   70 bloco: blocoBegin declaracoes . blocoEnd
   72      | blocoBegin declaracoes . comandos blocoEnd

    T_IF      deslocar, e ir ao estado 76
    T_FOR     deslocar, e ir ao estado 77
    T_WHILE   deslocar, e ir ao estado 78
    T_WRITE   deslocar, e ir ao estado 79
    T_READ    deslocar, e ir ao estado 80
    T_DEF     deslocar, e ir ao estado 1
    T_RETURN  deslocar, e ir ao estado 81
    T_VAR     deslocar, e ir ao estado 2
    T_SKIP    deslocar, e ir ao estado 82
    T_STOP    deslocar, e ir ao estado 83
    "{"       deslocar, e ir ao estado 44
    "}"       deslocar, e ir ao estado 140
    T_ID      deslocar, e ir ao estado 84

    declaracao      ir ao estado 15
    decVar          ir ao estado 6
    decSub          ir ao estado 7
    decProc         ir ao estado 8
    decFun          ir ao estado 9
    comando         ir ao estado 86
    cmdSimples      ir ao estado 87
    cmdAtrib        ir ao estado 88
    cmdIf           ir ao estado 89
    cmdWhile        ir ao estado 90
    cmdFor          ir ao estado 91
    cmdStop         ir ao estado 92
    cmdSkip         ir ao estado 93
    cmdReturn       ir ao estado 94
    cmdChamadaProc  ir ao estado 95
    cmdRead         ir ao estado 96
    cmdWrite        ir ao estado 97
    bloco           ir ao estado 98
    blocoBegin      ir ao estado 47
    blocoEnd        ir ao estado 141
    comandos        ir ao estado 142
    variavel        ir ao estado 100


Estado 86

   76 comandos: comando .

    $padrão  reduzir usando a regra 76 (comandos)


Estado 87

   36 comando: cmdSimples .

    $padrão  reduzir usando a regra 36 (comando)


Estado 88

   38 cmdSimples: cmdAtrib .

    $padrão  reduzir usando a regra 38 (cmdSimples)


Estado 89

   39 cmdSimples: cmdIf .

    $padrão  reduzir usando a regra 39 (cmdSimples)


Estado 90

   40 cmdSimples: cmdWhile .

    $padrão  reduzir usando a regra 40 (cmdSimples)


Estado 91

   41 cmdSimples: cmdFor .

    $padrão  reduzir usando a regra 41 (cmdSimples)


Estado 92

   42 cmdSimples: cmdStop .

    $padrão  reduzir usando a regra 42 (cmdSimples)


Estado 93

   43 cmdSimples: cmdSkip .

    $padrão  reduzir usando a regra 43 (cmdSimples)


Estado 94

   44 cmdSimples: cmdReturn .

    $padrão  reduzir usando a regra 44 (cmdSimples)


Estado 95

   45 cmdSimples: cmdChamadaProc .

    $padrão  reduzir usando a regra 45 (cmdSimples)


Estado 96

   46 cmdSimples: cmdRead .

    $padrão  reduzir usando a regra 46 (cmdSimples)


Estado 97

   47 cmdSimples: cmdWrite .

    $padrão  reduzir usando a regra 47 (cmdSimples)


Estado 98

   37 comando: bloco .

    $padrão  reduzir usando a regra 37 (comando)


Estado 99

   71 bloco: blocoBegin comandos . blocoEnd
   75 comandos: comandos . comando

    T_IF      deslocar, e ir ao estado 76
    T_FOR     deslocar, e ir ao estado 77
    T_WHILE   deslocar, e ir ao estado 78
    T_WRITE   deslocar, e ir ao estado 79
    T_READ    deslocar, e ir ao estado 80
    T_RETURN  deslocar, e ir ao estado 81
    T_SKIP    deslocar, e ir ao estado 82
    T_STOP    deslocar, e ir ao estado 83
    "{"       deslocar, e ir ao estado 44
    "}"       deslocar, e ir ao estado 140
    T_ID      deslocar, e ir ao estado 84

    comando         ir ao estado 143
    cmdSimples      ir ao estado 87
    cmdAtrib        ir ao estado 88
    cmdIf           ir ao estado 89
    cmdWhile        ir ao estado 90
    cmdFor          ir ao estado 91
    cmdStop         ir ao estado 92
    cmdSkip         ir ao estado 93
    cmdReturn       ir ao estado 94
    cmdChamadaProc  ir ao estado 95
    cmdRead         ir ao estado 96
    cmdWrite        ir ao estado 97
    bloco           ir ao estado 98
    blocoBegin      ir ao estado 47
    blocoEnd        ir ao estado 144
    variavel        ir ao estado 100


Estado 100

   48 cmdAtrib: variavel . tiposAtrib expressao ";"

    "="   deslocar, e ir ao estado 145
    "+="  deslocar, e ir ao estado 146
    "-="  deslocar, e ir ao estado 147
    "*="  deslocar, e ir ao estado 148
    "/="  deslocar, e ir ao estado 149
    "%="  deslocar, e ir ao estado 150

    tiposAtrib  ir ao estado 151
    atribAgreg  ir ao estado 152


Estado 101

   35 param: T_ID "[" "]" .

    $padrão  reduzir usando a regra 35 (param)


Estado 102

   27 decFun: T_DEF T_ID "(" listaParametros ")" ":" . tipo bloco

    T_BOOL    deslocar, e ir ao estado 40
    T_INT     deslocar, e ir ao estado 41
    T_STRING  deslocar, e ir ao estado 42

    tipo  ir ao estado 153


Estado 103

   25 decProc: T_DEF T_ID "(" listaParametros ")" bloco .

    $padrão  reduzir usando a regra 25 (decProc)


Estado 104

   29 listaParametros: listaParametros ";" specParams .

    $padrão  reduzir usando a regra 29 (listaParametros)


Estado 105

   32 specParamsN: specParamsN "," param .

    $padrão  reduzir usando a regra 32 (specParamsN)


Estado 106

   31 specParams: specParamsN ":" tipo .

    $padrão  reduzir usando a regra 31 (specParams)


Estado 107

   79 expressao: "(" expressao ")" .

    $padrão  reduzir usando a regra 79 (expressao)


Estado 108

   96 expressao: T_ID "(" ")" .

    $padrão  reduzir usando a regra 96 (expressao)


Estado 109

   17 cnjExpr: cnjExpr . "," expressao
   97 expressao: T_ID "(" cnjExpr . ")"

    ")"  deslocar, e ir ao estado 154
    ","  deslocar, e ir ao estado 155


Estado 110

   18 cnjExpr: expressao .
   82 expressao: expressao . "*" expressao
   83          | expressao . "/" expressao
   84          | expressao . "%" expressao
   85          | expressao . "+" expressao
   86          | expressao . "-" expressao
   87          | expressao . "<" expressao
   88          | expressao . "<=" expressao
   89          | expressao . ">" expressao
   90          | expressao . ">=" expressao
   91          | expressao . "==" expressao
   92          | expressao . "!=" expressao
   93          | expressao . "&&" expressao
   94          | expressao . "||" expressao
   95          | expressao . "?" expressao ":" expressao

    "+"   deslocar, e ir ao estado 59
    "-"   deslocar, e ir ao estado 60
    "*"   deslocar, e ir ao estado 61
    "/"   deslocar, e ir ao estado 62
    "%"   deslocar, e ir ao estado 63
    "=="  deslocar, e ir ao estado 64
    "!="  deslocar, e ir ao estado 65
    ">"   deslocar, e ir ao estado 66
    ">="  deslocar, e ir ao estado 67
    "<"   deslocar, e ir ao estado 68
    "<="  deslocar, e ir ao estado 69
    "||"  deslocar, e ir ao estado 70
    "&&"  deslocar, e ir ao estado 71
    "?"   deslocar, e ir ao estado 72

    $padrão  reduzir usando a regra 18 (cnjExpr)


Estado 111

   82 expressao: expressao . "*" expressao
   83          | expressao . "/" expressao
   84          | expressao . "%" expressao
   85          | expressao . "+" expressao
   86          | expressao . "-" expressao
   87          | expressao . "<" expressao
   88          | expressao . "<=" expressao
   89          | expressao . ">" expressao
   90          | expressao . ">=" expressao
   91          | expressao . "==" expressao
   92          | expressao . "!=" expressao
   93          | expressao . "&&" expressao
   94          | expressao . "||" expressao
   95          | expressao . "?" expressao ":" expressao
   99 variavel: T_ID "[" expressao . "]"

    "]"   deslocar, e ir ao estado 156
    "+"   deslocar, e ir ao estado 59
    "-"   deslocar, e ir ao estado 60
    "*"   deslocar, e ir ao estado 61
    "/"   deslocar, e ir ao estado 62
    "%"   deslocar, e ir ao estado 63
    "=="  deslocar, e ir ao estado 64
    "!="  deslocar, e ir ao estado 65
    ">"   deslocar, e ir ao estado 66
    ">="  deslocar, e ir ao estado 67
    "<"   deslocar, e ir ao estado 68
    "<="  deslocar, e ir ao estado 69
    "||"  deslocar, e ir ao estado 70
    "&&"  deslocar, e ir ao estado 71
    "?"   deslocar, e ir ao estado 72


Estado 112

   16 specVar: T_ID "[" expressao "]" "=" . "{" cnjExpr "}"

    "{"  deslocar, e ir ao estado 157


Estado 113

   82 expressao: expressao . "*" expressao
   83          | expressao . "/" expressao
   84          | expressao . "%" expressao
   85          | expressao . "+" expressao
   85          | expressao "+" expressao .
   86          | expressao . "-" expressao
   87          | expressao . "<" expressao
   88          | expressao . "<=" expressao
   89          | expressao . ">" expressao
   90          | expressao . ">=" expressao
   91          | expressao . "==" expressao
   92          | expressao . "!=" expressao
   93          | expressao . "&&" expressao
   94          | expressao . "||" expressao
   95          | expressao . "?" expressao ":" expressao

    "*"  deslocar, e ir ao estado 61
    "/"  deslocar, e ir ao estado 62
    "%"  deslocar, e ir ao estado 63

    $padrão  reduzir usando a regra 85 (expressao)


Estado 114

   82 expressao: expressao . "*" expressao
   83          | expressao . "/" expressao
   84          | expressao . "%" expressao
   85          | expressao . "+" expressao
   86          | expressao . "-" expressao
   86          | expressao "-" expressao .
   87          | expressao . "<" expressao
   88          | expressao . "<=" expressao
   89          | expressao . ">" expressao
   90          | expressao . ">=" expressao
   91          | expressao . "==" expressao
   92          | expressao . "!=" expressao
   93          | expressao . "&&" expressao
   94          | expressao . "||" expressao
   95          | expressao . "?" expressao ":" expressao

    "*"  deslocar, e ir ao estado 61
    "/"  deslocar, e ir ao estado 62
    "%"  deslocar, e ir ao estado 63

    $padrão  reduzir usando a regra 86 (expressao)


Estado 115

   82 expressao: expressao . "*" expressao
   82          | expressao "*" expressao .
   83          | expressao . "/" expressao
   84          | expressao . "%" expressao
   85          | expressao . "+" expressao
   86          | expressao . "-" expressao
   87          | expressao . "<" expressao
   88          | expressao . "<=" expressao
   89          | expressao . ">" expressao
   90          | expressao . ">=" expressao
   91          | expressao . "==" expressao
   92          | expressao . "!=" expressao
   93          | expressao . "&&" expressao
   94          | expressao . "||" expressao
   95          | expressao . "?" expressao ":" expressao

    $padrão  reduzir usando a regra 82 (expressao)


Estado 116

   82 expressao: expressao . "*" expressao
   83          | expressao . "/" expressao
   83          | expressao "/" expressao .
   84          | expressao . "%" expressao
   85          | expressao . "+" expressao
   86          | expressao . "-" expressao
   87          | expressao . "<" expressao
   88          | expressao . "<=" expressao
   89          | expressao . ">" expressao
   90          | expressao . ">=" expressao
   91          | expressao . "==" expressao
   92          | expressao . "!=" expressao
   93          | expressao . "&&" expressao
   94          | expressao . "||" expressao
   95          | expressao . "?" expressao ":" expressao

    $padrão  reduzir usando a regra 83 (expressao)


Estado 117

   82 expressao: expressao . "*" expressao
   83          | expressao . "/" expressao
   84          | expressao . "%" expressao
   84          | expressao "%" expressao .
   85          | expressao . "+" expressao
   86          | expressao . "-" expressao
   87          | expressao . "<" expressao
   88          | expressao . "<=" expressao
   89          | expressao . ">" expressao
   90          | expressao . ">=" expressao
   91          | expressao . "==" expressao
   92          | expressao . "!=" expressao
   93          | expressao . "&&" expressao
   94          | expressao . "||" expressao
   95          | expressao . "?" expressao ":" expressao

    $padrão  reduzir usando a regra 84 (expressao)


Estado 118

   82 expressao: expressao . "*" expressao
   83          | expressao . "/" expressao
   84          | expressao . "%" expressao
   85          | expressao . "+" expressao
   86          | expressao . "-" expressao
   87          | expressao . "<" expressao
   88          | expressao . "<=" expressao
   89          | expressao . ">" expressao
   90          | expressao . ">=" expressao
   91          | expressao . "==" expressao
   91          | expressao "==" expressao .
   92          | expressao . "!=" expressao
   93          | expressao . "&&" expressao
   94          | expressao . "||" expressao
   95          | expressao . "?" expressao ":" expressao

    "+"   deslocar, e ir ao estado 59
    "-"   deslocar, e ir ao estado 60
    "*"   deslocar, e ir ao estado 61
    "/"   deslocar, e ir ao estado 62
    "%"   deslocar, e ir ao estado 63
    ">"   deslocar, e ir ao estado 66
    ">="  deslocar, e ir ao estado 67
    "<"   deslocar, e ir ao estado 68
    "<="  deslocar, e ir ao estado 69

    $padrão  reduzir usando a regra 91 (expressao)


Estado 119

   82 expressao: expressao . "*" expressao
   83          | expressao . "/" expressao
   84          | expressao . "%" expressao
   85          | expressao . "+" expressao
   86          | expressao . "-" expressao
   87          | expressao . "<" expressao
   88          | expressao . "<=" expressao
   89          | expressao . ">" expressao
   90          | expressao . ">=" expressao
   91          | expressao . "==" expressao
   92          | expressao . "!=" expressao
   92          | expressao "!=" expressao .
   93          | expressao . "&&" expressao
   94          | expressao . "||" expressao
   95          | expressao . "?" expressao ":" expressao

    "+"   deslocar, e ir ao estado 59
    "-"   deslocar, e ir ao estado 60
    "*"   deslocar, e ir ao estado 61
    "/"   deslocar, e ir ao estado 62
    "%"   deslocar, e ir ao estado 63
    ">"   deslocar, e ir ao estado 66
    ">="  deslocar, e ir ao estado 67
    "<"   deslocar, e ir ao estado 68
    "<="  deslocar, e ir ao estado 69

    $padrão  reduzir usando a regra 92 (expressao)


Estado 120

   82 expressao: expressao . "*" expressao
   83          | expressao . "/" expressao
   84          | expressao . "%" expressao
   85          | expressao . "+" expressao
   86          | expressao . "-" expressao
   87          | expressao . "<" expressao
   88          | expressao . "<=" expressao
   89          | expressao . ">" expressao
   89          | expressao ">" expressao .
   90          | expressao . ">=" expressao
   91          | expressao . "==" expressao
   92          | expressao . "!=" expressao
   93          | expressao . "&&" expressao
   94          | expressao . "||" expressao
   95          | expressao . "?" expressao ":" expressao

    "+"   deslocar, e ir ao estado 59
    "-"   deslocar, e ir ao estado 60
    "*"   deslocar, e ir ao estado 61
    "/"   deslocar, e ir ao estado 62
    "%"   deslocar, e ir ao estado 63
    "<"   deslocar, e ir ao estado 68
    "<="  deslocar, e ir ao estado 69

    $padrão  reduzir usando a regra 89 (expressao)


Estado 121

   82 expressao: expressao . "*" expressao
   83          | expressao . "/" expressao
   84          | expressao . "%" expressao
   85          | expressao . "+" expressao
   86          | expressao . "-" expressao
   87          | expressao . "<" expressao
   88          | expressao . "<=" expressao
   89          | expressao . ">" expressao
   90          | expressao . ">=" expressao
   90          | expressao ">=" expressao .
   91          | expressao . "==" expressao
   92          | expressao . "!=" expressao
   93          | expressao . "&&" expressao
   94          | expressao . "||" expressao
   95          | expressao . "?" expressao ":" expressao

    "+"   deslocar, e ir ao estado 59
    "-"   deslocar, e ir ao estado 60
    "*"   deslocar, e ir ao estado 61
    "/"   deslocar, e ir ao estado 62
    "%"   deslocar, e ir ao estado 63
    "<"   deslocar, e ir ao estado 68
    "<="  deslocar, e ir ao estado 69

    $padrão  reduzir usando a regra 90 (expressao)


Estado 122

   82 expressao: expressao . "*" expressao
   83          | expressao . "/" expressao
   84          | expressao . "%" expressao
   85          | expressao . "+" expressao
   86          | expressao . "-" expressao
   87          | expressao . "<" expressao
   87          | expressao "<" expressao .
   88          | expressao . "<=" expressao
   89          | expressao . ">" expressao
   90          | expressao . ">=" expressao
   91          | expressao . "==" expressao
   92          | expressao . "!=" expressao
   93          | expressao . "&&" expressao
   94          | expressao . "||" expressao
   95          | expressao . "?" expressao ":" expressao

    "+"  deslocar, e ir ao estado 59
    "-"  deslocar, e ir ao estado 60
    "*"  deslocar, e ir ao estado 61
    "/"  deslocar, e ir ao estado 62
    "%"  deslocar, e ir ao estado 63

    $padrão  reduzir usando a regra 87 (expressao)


Estado 123

   82 expressao: expressao . "*" expressao
   83          | expressao . "/" expressao
   84          | expressao . "%" expressao
   85          | expressao . "+" expressao
   86          | expressao . "-" expressao
   87          | expressao . "<" expressao
   88          | expressao . "<=" expressao
   88          | expressao "<=" expressao .
   89          | expressao . ">" expressao
   90          | expressao . ">=" expressao
   91          | expressao . "==" expressao
   92          | expressao . "!=" expressao
   93          | expressao . "&&" expressao
   94          | expressao . "||" expressao
   95          | expressao . "?" expressao ":" expressao

    "+"  deslocar, e ir ao estado 59
    "-"  deslocar, e ir ao estado 60
    "*"  deslocar, e ir ao estado 61
    "/"  deslocar, e ir ao estado 62
    "%"  deslocar, e ir ao estado 63

    $padrão  reduzir usando a regra 88 (expressao)


Estado 124

   82 expressao: expressao . "*" expressao
   83          | expressao . "/" expressao
   84          | expressao . "%" expressao
   85          | expressao . "+" expressao
   86          | expressao . "-" expressao
   87          | expressao . "<" expressao
   88          | expressao . "<=" expressao
   89          | expressao . ">" expressao
   90          | expressao . ">=" expressao
   91          | expressao . "==" expressao
   92          | expressao . "!=" expressao
   93          | expressao . "&&" expressao
   94          | expressao . "||" expressao
   94          | expressao "||" expressao .
   95          | expressao . "?" expressao ":" expressao

    "+"   deslocar, e ir ao estado 59
    "-"   deslocar, e ir ao estado 60
    "*"   deslocar, e ir ao estado 61
    "/"   deslocar, e ir ao estado 62
    "%"   deslocar, e ir ao estado 63
    "=="  deslocar, e ir ao estado 64
    "!="  deslocar, e ir ao estado 65
    ">"   deslocar, e ir ao estado 66
    ">="  deslocar, e ir ao estado 67
    "<"   deslocar, e ir ao estado 68
    "<="  deslocar, e ir ao estado 69
    "&&"  deslocar, e ir ao estado 71

    $padrão  reduzir usando a regra 94 (expressao)


Estado 125

   82 expressao: expressao . "*" expressao
   83          | expressao . "/" expressao
   84          | expressao . "%" expressao
   85          | expressao . "+" expressao
   86          | expressao . "-" expressao
   87          | expressao . "<" expressao
   88          | expressao . "<=" expressao
   89          | expressao . ">" expressao
   90          | expressao . ">=" expressao
   91          | expressao . "==" expressao
   92          | expressao . "!=" expressao
   93          | expressao . "&&" expressao
   93          | expressao "&&" expressao .
   94          | expressao . "||" expressao
   95          | expressao . "?" expressao ":" expressao

    "+"   deslocar, e ir ao estado 59
    "-"   deslocar, e ir ao estado 60
    "*"   deslocar, e ir ao estado 61
    "/"   deslocar, e ir ao estado 62
    "%"   deslocar, e ir ao estado 63
    "=="  deslocar, e ir ao estado 64
    "!="  deslocar, e ir ao estado 65
    ">"   deslocar, e ir ao estado 66
    ">="  deslocar, e ir ao estado 67
    "<"   deslocar, e ir ao estado 68
    "<="  deslocar, e ir ao estado 69

    $padrão  reduzir usando a regra 93 (expressao)


Estado 126

   82 expressao: expressao . "*" expressao
   83          | expressao . "/" expressao
   84          | expressao . "%" expressao
   85          | expressao . "+" expressao
   86          | expressao . "-" expressao
   87          | expressao . "<" expressao
   88          | expressao . "<=" expressao
   89          | expressao . ">" expressao
   90          | expressao . ">=" expressao
   91          | expressao . "==" expressao
   92          | expressao . "!=" expressao
   93          | expressao . "&&" expressao
   94          | expressao . "||" expressao
   95          | expressao . "?" expressao ":" expressao
   95          | expressao "?" expressao . ":" expressao

    "+"   deslocar, e ir ao estado 59
    "-"   deslocar, e ir ao estado 60
    "*"   deslocar, e ir ao estado 61
    "/"   deslocar, e ir ao estado 62
    "%"   deslocar, e ir ao estado 63
    "=="  deslocar, e ir ao estado 64
    "!="  deslocar, e ir ao estado 65
    ">"   deslocar, e ir ao estado 66
    ">="  deslocar, e ir ao estado 67
    "<"   deslocar, e ir ao estado 68
    "<="  deslocar, e ir ao estado 69
    "||"  deslocar, e ir ao estado 70
    "&&"  deslocar, e ir ao estado 71
    "?"   deslocar, e ir ao estado 72
    ":"   deslocar, e ir ao estado 158


Estado 127

   10 tipo: T_STRING "[" T_NUM . "]"

    "]"  deslocar, e ir ao estado 159


Estado 128

   28 decFun: T_DEF T_ID "(" ")" ":" tipo bloco .

    $padrão  reduzir usando a regra 28 (decFun)


Estado 129

   56 cmdIf: T_IF "(" . expressao ")" comando
   57      | T_IF "(" . expressao ")" comando T_ELSE comando

    T_TRUE        deslocar, e ir ao estado 27
    T_FALSE       deslocar, e ir ao estado 28
    "("           deslocar, e ir ao estado 29
    "-"           deslocar, e ir ao estado 30
    "!"           deslocar, e ir ao estado 31
    T_ID          deslocar, e ir ao estado 32
    T_NUM         deslocar, e ir ao estado 33
    T_LIT_STRING  deslocar, e ir ao estado 34

    valor      ir ao estado 35
    expressao  ir ao estado 160
    variavel   ir ao estado 37


Estado 130

   59 cmdFor: T_FOR "(" . cmdAtribFor ";" expressao ";" cmdAtribFor ")" comando
   60       | T_FOR "(" . error ")" comando

    error  deslocar, e ir ao estado 161
    T_ID   deslocar, e ir ao estado 133

    cmdAtribFor  ir ao estado 162
    variavel     ir ao estado 163


Estado 131

   58 cmdWhile: T_WHILE "(" . expressao ")" comando

    T_TRUE        deslocar, e ir ao estado 27
    T_FALSE       deslocar, e ir ao estado 28
    "("           deslocar, e ir ao estado 29
    "-"           deslocar, e ir ao estado 30
    "!"           deslocar, e ir ao estado 31
    T_ID          deslocar, e ir ao estado 32
    T_NUM         deslocar, e ir ao estado 33
    T_LIT_STRING  deslocar, e ir ao estado 34

    valor      ir ao estado 35
    expressao  ir ao estado 164
    variavel   ir ao estado 37


Estado 132

   17 cnjExpr: cnjExpr . "," expressao
   69 cmdWrite: T_WRITE cnjExpr . ";"

    ","  deslocar, e ir ao estado 155
    ";"  deslocar, e ir ao estado 165


Estado 133

   98 variavel: T_ID .
   99         | T_ID . "[" expressao "]"

    "["  deslocar, e ir ao estado 57

    $padrão  reduzir usando a regra 98 (variavel)


Estado 134

   68 cmdRead: T_READ variavel . ";"

    ";"  deslocar, e ir ao estado 166


Estado 135

   64 cmdReturn: T_RETURN ";" .

    $padrão  reduzir usando a regra 64 (cmdReturn)


Estado 136

   65 cmdReturn: T_RETURN expressao . ";"
   82 expressao: expressao . "*" expressao
   83          | expressao . "/" expressao
   84          | expressao . "%" expressao
   85          | expressao . "+" expressao
   86          | expressao . "-" expressao
   87          | expressao . "<" expressao
   88          | expressao . "<=" expressao
   89          | expressao . ">" expressao
   90          | expressao . ">=" expressao
   91          | expressao . "==" expressao
   92          | expressao . "!=" expressao
   93          | expressao . "&&" expressao
   94          | expressao . "||" expressao
   95          | expressao . "?" expressao ":" expressao

    ";"   deslocar, e ir ao estado 167
    "+"   deslocar, e ir ao estado 59
    "-"   deslocar, e ir ao estado 60
    "*"   deslocar, e ir ao estado 61
    "/"   deslocar, e ir ao estado 62
    "%"   deslocar, e ir ao estado 63
    "=="  deslocar, e ir ao estado 64
    "!="  deslocar, e ir ao estado 65
    ">"   deslocar, e ir ao estado 66
    ">="  deslocar, e ir ao estado 67
    "<"   deslocar, e ir ao estado 68
    "<="  deslocar, e ir ao estado 69
    "||"  deslocar, e ir ao estado 70
    "&&"  deslocar, e ir ao estado 71
    "?"   deslocar, e ir ao estado 72


Estado 137

   63 cmdSkip: T_SKIP ";" .

    $padrão  reduzir usando a regra 63 (cmdSkip)


Estado 138

   62 cmdStop: T_STOP ";" .

    $padrão  reduzir usando a regra 62 (cmdStop)


Estado 139

   66 cmdChamadaProc: T_ID "(" . ")" ";"
   67               | T_ID "(" . cnjExpr ")" ";"

    T_TRUE        deslocar, e ir ao estado 27
    T_FALSE       deslocar, e ir ao estado 28
    "("           deslocar, e ir ao estado 29
    ")"           deslocar, e ir ao estado 168
    "-"           deslocar, e ir ao estado 30
    "!"           deslocar, e ir ao estado 31
    T_ID          deslocar, e ir ao estado 32
    T_NUM         deslocar, e ir ao estado 33
    T_LIT_STRING  deslocar, e ir ao estado 34

    cnjExpr    ir ao estado 169
    valor      ir ao estado 35
    expressao  ir ao estado 110
    variavel   ir ao estado 37


Estado 140

   74 blocoEnd: "}" .

    $padrão  reduzir usando a regra 74 (blocoEnd)


Estado 141

   70 bloco: blocoBegin declaracoes blocoEnd .

    $padrão  reduzir usando a regra 70 (bloco)


Estado 142

   72 bloco: blocoBegin declaracoes comandos . blocoEnd
   75 comandos: comandos . comando

    T_IF      deslocar, e ir ao estado 76
    T_FOR     deslocar, e ir ao estado 77
    T_WHILE   deslocar, e ir ao estado 78
    T_WRITE   deslocar, e ir ao estado 79
    T_READ    deslocar, e ir ao estado 80
    T_RETURN  deslocar, e ir ao estado 81
    T_SKIP    deslocar, e ir ao estado 82
    T_STOP    deslocar, e ir ao estado 83
    "{"       deslocar, e ir ao estado 44
    "}"       deslocar, e ir ao estado 140
    T_ID      deslocar, e ir ao estado 84

    comando         ir ao estado 143
    cmdSimples      ir ao estado 87
    cmdAtrib        ir ao estado 88
    cmdIf           ir ao estado 89
    cmdWhile        ir ao estado 90
    cmdFor          ir ao estado 91
    cmdStop         ir ao estado 92
    cmdSkip         ir ao estado 93
    cmdReturn       ir ao estado 94
    cmdChamadaProc  ir ao estado 95
    cmdRead         ir ao estado 96
    cmdWrite        ir ao estado 97
    bloco           ir ao estado 98
    blocoBegin      ir ao estado 47
    blocoEnd        ir ao estado 170
    variavel        ir ao estado 100


Estado 143

   75 comandos: comandos comando .

    $padrão  reduzir usando a regra 75 (comandos)


Estado 144

   71 bloco: blocoBegin comandos blocoEnd .

    $padrão  reduzir usando a regra 71 (bloco)


Estado 145

   50 tiposAtrib: "=" .

    $padrão  reduzir usando a regra 50 (tiposAtrib)


Estado 146

   54 atribAgreg: "+=" .

    $padrão  reduzir usando a regra 54 (atribAgreg)


Estado 147

   55 atribAgreg: "-=" .

    $padrão  reduzir usando a regra 55 (atribAgreg)


Estado 148

   53 atribAgreg: "*=" .

    $padrão  reduzir usando a regra 53 (atribAgreg)


Estado 149

   51 atribAgreg: "/=" .

    $padrão  reduzir usando a regra 51 (atribAgreg)


Estado 150

   52 atribAgreg: "%=" .

    $padrão  reduzir usando a regra 52 (atribAgreg)


Estado 151

   48 cmdAtrib: variavel tiposAtrib . expressao ";"

    T_TRUE        deslocar, e ir ao estado 27
    T_FALSE       deslocar, e ir ao estado 28
    "("           deslocar, e ir ao estado 29
    "-"           deslocar, e ir ao estado 30
    "!"           deslocar, e ir ao estado 31
    T_ID          deslocar, e ir ao estado 32
    T_NUM         deslocar, e ir ao estado 33
    T_LIT_STRING  deslocar, e ir ao estado 34

    valor      ir ao estado 35
    expressao  ir ao estado 171
    variavel   ir ao estado 37


Estado 152

   49 tiposAtrib: atribAgreg .

    $padrão  reduzir usando a regra 49 (tiposAtrib)


Estado 153

   27 decFun: T_DEF T_ID "(" listaParametros ")" ":" tipo . bloco

    "{"  deslocar, e ir ao estado 44

    bloco       ir ao estado 172
    blocoBegin  ir ao estado 47


Estado 154

   97 expressao: T_ID "(" cnjExpr ")" .

    $padrão  reduzir usando a regra 97 (expressao)


Estado 155

   17 cnjExpr: cnjExpr "," . expressao

    T_TRUE        deslocar, e ir ao estado 27
    T_FALSE       deslocar, e ir ao estado 28
    "("           deslocar, e ir ao estado 29
    "-"           deslocar, e ir ao estado 30
    "!"           deslocar, e ir ao estado 31
    T_ID          deslocar, e ir ao estado 32
    T_NUM         deslocar, e ir ao estado 33
    T_LIT_STRING  deslocar, e ir ao estado 34

    valor      ir ao estado 35
    expressao  ir ao estado 173
    variavel   ir ao estado 37


Estado 156

   99 variavel: T_ID "[" expressao "]" .

    $padrão  reduzir usando a regra 99 (variavel)


Estado 157

   16 specVar: T_ID "[" expressao "]" "=" "{" . cnjExpr "}"

    T_TRUE        deslocar, e ir ao estado 27
    T_FALSE       deslocar, e ir ao estado 28
    "("           deslocar, e ir ao estado 29
    "-"           deslocar, e ir ao estado 30
    "!"           deslocar, e ir ao estado 31
    T_ID          deslocar, e ir ao estado 32
    T_NUM         deslocar, e ir ao estado 33
    T_LIT_STRING  deslocar, e ir ao estado 34

    cnjExpr    ir ao estado 174
    valor      ir ao estado 35
    expressao  ir ao estado 110
    variavel   ir ao estado 37


Estado 158

   95 expressao: expressao "?" expressao ":" . expressao

    T_TRUE        deslocar, e ir ao estado 27
    T_FALSE       deslocar, e ir ao estado 28
    "("           deslocar, e ir ao estado 29
    "-"           deslocar, e ir ao estado 30
    "!"           deslocar, e ir ao estado 31
    T_ID          deslocar, e ir ao estado 32
    T_NUM         deslocar, e ir ao estado 33
    T_LIT_STRING  deslocar, e ir ao estado 34

    valor      ir ao estado 35
    expressao  ir ao estado 175
    variavel   ir ao estado 37


Estado 159

   10 tipo: T_STRING "[" T_NUM "]" .

    $padrão  reduzir usando a regra 10 (tipo)


Estado 160

   56 cmdIf: T_IF "(" expressao . ")" comando
   57      | T_IF "(" expressao . ")" comando T_ELSE comando
   82 expressao: expressao . "*" expressao
   83          | expressao . "/" expressao
   84          | expressao . "%" expressao
   85          | expressao . "+" expressao
   86          | expressao . "-" expressao
   87          | expressao . "<" expressao
   88          | expressao . "<=" expressao
   89          | expressao . ">" expressao
   90          | expressao . ">=" expressao
   91          | expressao . "==" expressao
   92          | expressao . "!=" expressao
   93          | expressao . "&&" expressao
   94          | expressao . "||" expressao
   95          | expressao . "?" expressao ":" expressao

    ")"   deslocar, e ir ao estado 176
    "+"   deslocar, e ir ao estado 59
    "-"   deslocar, e ir ao estado 60
    "*"   deslocar, e ir ao estado 61
    "/"   deslocar, e ir ao estado 62
    "%"   deslocar, e ir ao estado 63
    "=="  deslocar, e ir ao estado 64
    "!="  deslocar, e ir ao estado 65
    ">"   deslocar, e ir ao estado 66
    ">="  deslocar, e ir ao estado 67
    "<"   deslocar, e ir ao estado 68
    "<="  deslocar, e ir ao estado 69
    "||"  deslocar, e ir ao estado 70
    "&&"  deslocar, e ir ao estado 71
    "?"   deslocar, e ir ao estado 72


Estado 161

   60 cmdFor: T_FOR "(" error . ")" comando

    ")"  deslocar, e ir ao estado 177


Estado 162

   59 cmdFor: T_FOR "(" cmdAtribFor . ";" expressao ";" cmdAtribFor ")" comando

    ";"  deslocar, e ir ao estado 178


Estado 163

   61 cmdAtribFor: variavel . tiposAtrib expressao

    "="   deslocar, e ir ao estado 145
    "+="  deslocar, e ir ao estado 146
    "-="  deslocar, e ir ao estado 147
    "*="  deslocar, e ir ao estado 148
    "/="  deslocar, e ir ao estado 149
    "%="  deslocar, e ir ao estado 150

    tiposAtrib  ir ao estado 179
    atribAgreg  ir ao estado 152


Estado 164

   58 cmdWhile: T_WHILE "(" expressao . ")" comando
   82 expressao: expressao . "*" expressao
   83          | expressao . "/" expressao
   84          | expressao . "%" expressao
   85          | expressao . "+" expressao
   86          | expressao . "-" expressao
   87          | expressao . "<" expressao
   88          | expressao . "<=" expressao
   89          | expressao . ">" expressao
   90          | expressao . ">=" expressao
   91          | expressao . "==" expressao
   92          | expressao . "!=" expressao
   93          | expressao . "&&" expressao
   94          | expressao . "||" expressao
   95          | expressao . "?" expressao ":" expressao

    ")"   deslocar, e ir ao estado 180
    "+"   deslocar, e ir ao estado 59
    "-"   deslocar, e ir ao estado 60
    "*"   deslocar, e ir ao estado 61
    "/"   deslocar, e ir ao estado 62
    "%"   deslocar, e ir ao estado 63
    "=="  deslocar, e ir ao estado 64
    "!="  deslocar, e ir ao estado 65
    ">"   deslocar, e ir ao estado 66
    ">="  deslocar, e ir ao estado 67
    "<"   deslocar, e ir ao estado 68
    "<="  deslocar, e ir ao estado 69
    "||"  deslocar, e ir ao estado 70
    "&&"  deslocar, e ir ao estado 71
    "?"   deslocar, e ir ao estado 72


Estado 165

   69 cmdWrite: T_WRITE cnjExpr ";" .

    $padrão  reduzir usando a regra 69 (cmdWrite)


Estado 166

   68 cmdRead: T_READ variavel ";" .

    $padrão  reduzir usando a regra 68 (cmdRead)


Estado 167

   65 cmdReturn: T_RETURN expressao ";" .

    $padrão  reduzir usando a regra 65 (cmdReturn)


Estado 168

   66 cmdChamadaProc: T_ID "(" ")" . ";"

    ";"  deslocar, e ir ao estado 181


Estado 169

   17 cnjExpr: cnjExpr . "," expressao
   67 cmdChamadaProc: T_ID "(" cnjExpr . ")" ";"

    ")"  deslocar, e ir ao estado 182
    ","  deslocar, e ir ao estado 155


Estado 170

   72 bloco: blocoBegin declaracoes comandos blocoEnd .

    $padrão  reduzir usando a regra 72 (bloco)


Estado 171

   48 cmdAtrib: variavel tiposAtrib expressao . ";"
   82 expressao: expressao . "*" expressao
   83          | expressao . "/" expressao
   84          | expressao . "%" expressao
   85          | expressao . "+" expressao
   86          | expressao . "-" expressao
   87          | expressao . "<" expressao
   88          | expressao . "<=" expressao
   89          | expressao . ">" expressao
   90          | expressao . ">=" expressao
   91          | expressao . "==" expressao
   92          | expressao . "!=" expressao
   93          | expressao . "&&" expressao
   94          | expressao . "||" expressao
   95          | expressao . "?" expressao ":" expressao

    ";"   deslocar, e ir ao estado 183
    "+"   deslocar, e ir ao estado 59
    "-"   deslocar, e ir ao estado 60
    "*"   deslocar, e ir ao estado 61
    "/"   deslocar, e ir ao estado 62
    "%"   deslocar, e ir ao estado 63
    "=="  deslocar, e ir ao estado 64
    "!="  deslocar, e ir ao estado 65
    ">"   deslocar, e ir ao estado 66
    ">="  deslocar, e ir ao estado 67
    "<"   deslocar, e ir ao estado 68
    "<="  deslocar, e ir ao estado 69
    "||"  deslocar, e ir ao estado 70
    "&&"  deslocar, e ir ao estado 71
    "?"   deslocar, e ir ao estado 72


Estado 172

   27 decFun: T_DEF T_ID "(" listaParametros ")" ":" tipo bloco .

    $padrão  reduzir usando a regra 27 (decFun)


Estado 173

   17 cnjExpr: cnjExpr "," expressao .
   82 expressao: expressao . "*" expressao
   83          | expressao . "/" expressao
   84          | expressao . "%" expressao
   85          | expressao . "+" expressao
   86          | expressao . "-" expressao
   87          | expressao . "<" expressao
   88          | expressao . "<=" expressao
   89          | expressao . ">" expressao
   90          | expressao . ">=" expressao
   91          | expressao . "==" expressao
   92          | expressao . "!=" expressao
   93          | expressao . "&&" expressao
   94          | expressao . "||" expressao
   95          | expressao . "?" expressao ":" expressao

    "+"   deslocar, e ir ao estado 59
    "-"   deslocar, e ir ao estado 60
    "*"   deslocar, e ir ao estado 61
    "/"   deslocar, e ir ao estado 62
    "%"   deslocar, e ir ao estado 63
    "=="  deslocar, e ir ao estado 64
    "!="  deslocar, e ir ao estado 65
    ">"   deslocar, e ir ao estado 66
    ">="  deslocar, e ir ao estado 67
    "<"   deslocar, e ir ao estado 68
    "<="  deslocar, e ir ao estado 69
    "||"  deslocar, e ir ao estado 70
    "&&"  deslocar, e ir ao estado 71
    "?"   deslocar, e ir ao estado 72

    $padrão  reduzir usando a regra 17 (cnjExpr)


Estado 174

   16 specVar: T_ID "[" expressao "]" "=" "{" cnjExpr . "}"
   17 cnjExpr: cnjExpr . "," expressao

    "}"  deslocar, e ir ao estado 184
    ","  deslocar, e ir ao estado 155


Estado 175

   82 expressao: expressao . "*" expressao
   83          | expressao . "/" expressao
   84          | expressao . "%" expressao
   85          | expressao . "+" expressao
   86          | expressao . "-" expressao
   87          | expressao . "<" expressao
   88          | expressao . "<=" expressao
   89          | expressao . ">" expressao
   90          | expressao . ">=" expressao
   91          | expressao . "==" expressao
   92          | expressao . "!=" expressao
   93          | expressao . "&&" expressao
   94          | expressao . "||" expressao
   95          | expressao . "?" expressao ":" expressao
   95          | expressao "?" expressao ":" expressao .

    "+"   deslocar, e ir ao estado 59
    "-"   deslocar, e ir ao estado 60
    "*"   deslocar, e ir ao estado 61
    "/"   deslocar, e ir ao estado 62
    "%"   deslocar, e ir ao estado 63
    "=="  deslocar, e ir ao estado 64
    "!="  deslocar, e ir ao estado 65
    ">"   deslocar, e ir ao estado 66
    ">="  deslocar, e ir ao estado 67
    "<"   deslocar, e ir ao estado 68
    "<="  deslocar, e ir ao estado 69
    "||"  deslocar, e ir ao estado 70
    "&&"  deslocar, e ir ao estado 71
    "?"   deslocar, e ir ao estado 72

    $padrão  reduzir usando a regra 95 (expressao)


Estado 176

   56 cmdIf: T_IF "(" expressao ")" . comando
   57      | T_IF "(" expressao ")" . comando T_ELSE comando

    T_IF      deslocar, e ir ao estado 76
    T_FOR     deslocar, e ir ao estado 77
    T_WHILE   deslocar, e ir ao estado 78
    T_WRITE   deslocar, e ir ao estado 79
    T_READ    deslocar, e ir ao estado 80
    T_RETURN  deslocar, e ir ao estado 81
    T_SKIP    deslocar, e ir ao estado 82
    T_STOP    deslocar, e ir ao estado 83
    "{"       deslocar, e ir ao estado 44
    T_ID      deslocar, e ir ao estado 84

    comando         ir ao estado 185
    cmdSimples      ir ao estado 87
    cmdAtrib        ir ao estado 88
    cmdIf           ir ao estado 89
    cmdWhile        ir ao estado 90
    cmdFor          ir ao estado 91
    cmdStop         ir ao estado 92
    cmdSkip         ir ao estado 93
    cmdReturn       ir ao estado 94
    cmdChamadaProc  ir ao estado 95
    cmdRead         ir ao estado 96
    cmdWrite        ir ao estado 97
    bloco           ir ao estado 98
    blocoBegin      ir ao estado 47
    variavel        ir ao estado 100


Estado 177

   60 cmdFor: T_FOR "(" error ")" . comando

    T_IF      deslocar, e ir ao estado 76
    T_FOR     deslocar, e ir ao estado 77
    T_WHILE   deslocar, e ir ao estado 78
    T_WRITE   deslocar, e ir ao estado 79
    T_READ    deslocar, e ir ao estado 80
    T_RETURN  deslocar, e ir ao estado 81
    T_SKIP    deslocar, e ir ao estado 82
    T_STOP    deslocar, e ir ao estado 83
    "{"       deslocar, e ir ao estado 44
    T_ID      deslocar, e ir ao estado 84

    comando         ir ao estado 186
    cmdSimples      ir ao estado 87
    cmdAtrib        ir ao estado 88
    cmdIf           ir ao estado 89
    cmdWhile        ir ao estado 90
    cmdFor          ir ao estado 91
    cmdStop         ir ao estado 92
    cmdSkip         ir ao estado 93
    cmdReturn       ir ao estado 94
    cmdChamadaProc  ir ao estado 95
    cmdRead         ir ao estado 96
    cmdWrite        ir ao estado 97
    bloco           ir ao estado 98
    blocoBegin      ir ao estado 47
    variavel        ir ao estado 100


Estado 178

   59 cmdFor: T_FOR "(" cmdAtribFor ";" . expressao ";" cmdAtribFor ")" comando

    T_TRUE        deslocar, e ir ao estado 27
    T_FALSE       deslocar, e ir ao estado 28
    "("           deslocar, e ir ao estado 29
    "-"           deslocar, e ir ao estado 30
    "!"           deslocar, e ir ao estado 31
    T_ID          deslocar, e ir ao estado 32
    T_NUM         deslocar, e ir ao estado 33
    T_LIT_STRING  deslocar, e ir ao estado 34

    valor      ir ao estado 35
    expressao  ir ao estado 187
    variavel   ir ao estado 37


Estado 179

   61 cmdAtribFor: variavel tiposAtrib . expressao

    T_TRUE        deslocar, e ir ao estado 27
    T_FALSE       deslocar, e ir ao estado 28
    "("           deslocar, e ir ao estado 29
    "-"           deslocar, e ir ao estado 30
    "!"           deslocar, e ir ao estado 31
    T_ID          deslocar, e ir ao estado 32
    T_NUM         deslocar, e ir ao estado 33
    T_LIT_STRING  deslocar, e ir ao estado 34

    valor      ir ao estado 35
    expressao  ir ao estado 188
    variavel   ir ao estado 37


Estado 180

   58 cmdWhile: T_WHILE "(" expressao ")" . comando

    T_IF      deslocar, e ir ao estado 76
    T_FOR     deslocar, e ir ao estado 77
    T_WHILE   deslocar, e ir ao estado 78
    T_WRITE   deslocar, e ir ao estado 79
    T_READ    deslocar, e ir ao estado 80
    T_RETURN  deslocar, e ir ao estado 81
    T_SKIP    deslocar, e ir ao estado 82
    T_STOP    deslocar, e ir ao estado 83
    "{"       deslocar, e ir ao estado 44
    T_ID      deslocar, e ir ao estado 84

    comando         ir ao estado 189
    cmdSimples      ir ao estado 87
    cmdAtrib        ir ao estado 88
    cmdIf           ir ao estado 89
    cmdWhile        ir ao estado 90
    cmdFor          ir ao estado 91
    cmdStop         ir ao estado 92
    cmdSkip         ir ao estado 93
    cmdReturn       ir ao estado 94
    cmdChamadaProc  ir ao estado 95
    cmdRead         ir ao estado 96
    cmdWrite        ir ao estado 97
    bloco           ir ao estado 98
    blocoBegin      ir ao estado 47
    variavel        ir ao estado 100


Estado 181

   66 cmdChamadaProc: T_ID "(" ")" ";" .

    $padrão  reduzir usando a regra 66 (cmdChamadaProc)


Estado 182

   67 cmdChamadaProc: T_ID "(" cnjExpr ")" . ";"

    ";"  deslocar, e ir ao estado 190


Estado 183

   48 cmdAtrib: variavel tiposAtrib expressao ";" .

    $padrão  reduzir usando a regra 48 (cmdAtrib)


Estado 184

   16 specVar: T_ID "[" expressao "]" "=" "{" cnjExpr "}" .

    $padrão  reduzir usando a regra 16 (specVar)


Estado 185

   56 cmdIf: T_IF "(" expressao ")" comando .
   57      | T_IF "(" expressao ")" comando . T_ELSE comando

    T_ELSE  deslocar, e ir ao estado 191

    $padrão  reduzir usando a regra 56 (cmdIf)


Estado 186

   60 cmdFor: T_FOR "(" error ")" comando .

    $padrão  reduzir usando a regra 60 (cmdFor)


Estado 187

   59 cmdFor: T_FOR "(" cmdAtribFor ";" expressao . ";" cmdAtribFor ")" comando
   82 expressao: expressao . "*" expressao
   83          | expressao . "/" expressao
   84          | expressao . "%" expressao
   85          | expressao . "+" expressao
   86          | expressao . "-" expressao
   87          | expressao . "<" expressao
   88          | expressao . "<=" expressao
   89          | expressao . ">" expressao
   90          | expressao . ">=" expressao
   91          | expressao . "==" expressao
   92          | expressao . "!=" expressao
   93          | expressao . "&&" expressao
   94          | expressao . "||" expressao
   95          | expressao . "?" expressao ":" expressao

    ";"   deslocar, e ir ao estado 192
    "+"   deslocar, e ir ao estado 59
    "-"   deslocar, e ir ao estado 60
    "*"   deslocar, e ir ao estado 61
    "/"   deslocar, e ir ao estado 62
    "%"   deslocar, e ir ao estado 63
    "=="  deslocar, e ir ao estado 64
    "!="  deslocar, e ir ao estado 65
    ">"   deslocar, e ir ao estado 66
    ">="  deslocar, e ir ao estado 67
    "<"   deslocar, e ir ao estado 68
    "<="  deslocar, e ir ao estado 69
    "||"  deslocar, e ir ao estado 70
    "&&"  deslocar, e ir ao estado 71
    "?"   deslocar, e ir ao estado 72


Estado 188

   61 cmdAtribFor: variavel tiposAtrib expressao .
   82 expressao: expressao . "*" expressao
   83          | expressao . "/" expressao
   84          | expressao . "%" expressao
   85          | expressao . "+" expressao
   86          | expressao . "-" expressao
   87          | expressao . "<" expressao
   88          | expressao . "<=" expressao
   89          | expressao . ">" expressao
   90          | expressao . ">=" expressao
   91          | expressao . "==" expressao
   92          | expressao . "!=" expressao
   93          | expressao . "&&" expressao
   94          | expressao . "||" expressao
   95          | expressao . "?" expressao ":" expressao

    "+"   deslocar, e ir ao estado 59
    "-"   deslocar, e ir ao estado 60
    "*"   deslocar, e ir ao estado 61
    "/"   deslocar, e ir ao estado 62
    "%"   deslocar, e ir ao estado 63
    "=="  deslocar, e ir ao estado 64
    "!="  deslocar, e ir ao estado 65
    ">"   deslocar, e ir ao estado 66
    ">="  deslocar, e ir ao estado 67
    "<"   deslocar, e ir ao estado 68
    "<="  deslocar, e ir ao estado 69
    "||"  deslocar, e ir ao estado 70
    "&&"  deslocar, e ir ao estado 71
    "?"   deslocar, e ir ao estado 72

    $padrão  reduzir usando a regra 61 (cmdAtribFor)


Estado 189

   58 cmdWhile: T_WHILE "(" expressao ")" comando .

    $padrão  reduzir usando a regra 58 (cmdWhile)


Estado 190

   67 cmdChamadaProc: T_ID "(" cnjExpr ")" ";" .

    $padrão  reduzir usando a regra 67 (cmdChamadaProc)


Estado 191

   57 cmdIf: T_IF "(" expressao ")" comando T_ELSE . comando

    T_IF      deslocar, e ir ao estado 76
    T_FOR     deslocar, e ir ao estado 77
    T_WHILE   deslocar, e ir ao estado 78
    T_WRITE   deslocar, e ir ao estado 79
    T_READ    deslocar, e ir ao estado 80
    T_RETURN  deslocar, e ir ao estado 81
    T_SKIP    deslocar, e ir ao estado 82
    T_STOP    deslocar, e ir ao estado 83
    "{"       deslocar, e ir ao estado 44
    T_ID      deslocar, e ir ao estado 84

    comando         ir ao estado 193
    cmdSimples      ir ao estado 87
    cmdAtrib        ir ao estado 88
    cmdIf           ir ao estado 89
    cmdWhile        ir ao estado 90
    cmdFor          ir ao estado 91
    cmdStop         ir ao estado 92
    cmdSkip         ir ao estado 93
    cmdReturn       ir ao estado 94
    cmdChamadaProc  ir ao estado 95
    cmdRead         ir ao estado 96
    cmdWrite        ir ao estado 97
    bloco           ir ao estado 98
    blocoBegin      ir ao estado 47
    variavel        ir ao estado 100


Estado 192

   59 cmdFor: T_FOR "(" cmdAtribFor ";" expressao ";" . cmdAtribFor ")" comando

    T_ID  deslocar, e ir ao estado 133

    cmdAtribFor  ir ao estado 194
    variavel     ir ao estado 163


Estado 193

   57 cmdIf: T_IF "(" expressao ")" comando T_ELSE comando .

    $padrão  reduzir usando a regra 57 (cmdIf)


Estado 194

   59 cmdFor: T_FOR "(" cmdAtribFor ";" expressao ";" cmdAtribFor . ")" comando

    ")"  deslocar, e ir ao estado 195


Estado 195

   59 cmdFor: T_FOR "(" cmdAtribFor ";" expressao ";" cmdAtribFor ")" . comando

    T_IF      deslocar, e ir ao estado 76
    T_FOR     deslocar, e ir ao estado 77
    T_WHILE   deslocar, e ir ao estado 78
    T_WRITE   deslocar, e ir ao estado 79
    T_READ    deslocar, e ir ao estado 80
    T_RETURN  deslocar, e ir ao estado 81
    T_SKIP    deslocar, e ir ao estado 82
    T_STOP    deslocar, e ir ao estado 83
    "{"       deslocar, e ir ao estado 44
    T_ID      deslocar, e ir ao estado 84

    comando         ir ao estado 196
    cmdSimples      ir ao estado 87
    cmdAtrib        ir ao estado 88
    cmdIf           ir ao estado 89
    cmdWhile        ir ao estado 90
    cmdFor          ir ao estado 91
    cmdStop         ir ao estado 92
    cmdSkip         ir ao estado 93
    cmdReturn       ir ao estado 94
    cmdChamadaProc  ir ao estado 95
    cmdRead         ir ao estado 96
    cmdWrite        ir ao estado 97
    bloco           ir ao estado 98
    blocoBegin      ir ao estado 47
    variavel        ir ao estado 100


Estado 196

   59 cmdFor: T_FOR "(" cmdAtribFor ";" expressao ";" cmdAtribFor ")" comando .

    $padrão  reduzir usando a regra 59 (cmdFor)
